<?xml version="1.0" encoding="UTF-8"?>
<!-- Generated by org.testng.reporters.JUnitXMLReporter -->
<testsuite hostname="DESKTOP-50O4S5L" ignored="0" name="test1" tests="1" failures="1" timestamp="10 Jul 2020 11:07:47 GMT" time="35.405" errors="0">
  <testcase name="checkout" time="27.903" classname="testcases.CheckoutTest">
    <failure type="org.openqa.selenium.ElementClickInterceptedException" message="element click intercepted: Element &amp;lt;div class=&amp;quot;swatch-option text&amp;quot; id=&amp;quot;option-label-size-157-item-5595&amp;quot; index=&amp;quot;1&amp;quot; aria-checked=&amp;quot;false&amp;quot; aria-describedby=&amp;quot;option-label-size-157&amp;quot; tabindex=&amp;quot;0&amp;quot; option-type=&amp;quot;0&amp;quot; option-id=&amp;quot;5595&amp;quot; option-label=&amp;quot;...&amp;quot; aria-label=&amp;quot;S&amp;quot; option-tooltip-thumb=&amp;quot;&amp;quot; option-tooltip-value=&amp;quot;S&amp;quot; role=&amp;quot;option&amp;quot; thumb-width=&amp;quot;110&amp;quot; thumb-height=&amp;quot;90&amp;quot;&amp;gt;S&amp;lt;/div&amp;gt; is not clickable at point (970, 621). Other element would receive the click: &amp;lt;div class=&amp;quot;image&amp;quot; style=&amp;quot;background: rgb(0, 0, 0);&amp;quot;&amp;gt;&amp;lt;/div&amp;gt;
  (Session info: chrome=83.0.4103.116)
Build info: version: &amp;apos;3.14.0&amp;apos;, revision: &amp;apos;aacccce0&amp;apos;, time: &amp;apos;2018-08-02T20:19:58.91Z&amp;apos;
System info: host: &amp;apos;DESKTOP-50O4S5L&amp;apos;, ip: &amp;apos;192.168.19.36&amp;apos;, os.name: &amp;apos;Windows 10&amp;apos;, os.arch: &amp;apos;amd64&amp;apos;, os.version: &amp;apos;10.0&amp;apos;, java.version: &amp;apos;1.8.0_241&amp;apos;
Driver info: org.openqa.selenium.chrome.ChromeDriver
Capabilities {acceptInsecureCerts: false, browserName: chrome, browserVersion: 83.0.4103.116, chrome: {chromedriverVersion: 83.0.4103.39 (ccbf011cb2d2b..., userDataDir: C:\Users\Admin\AppData\Loca...}, goog:chromeOptions: {debuggerAddress: localhost:50271}, javascriptEnabled: true, networkConnectionEnabled: false, pageLoadStrategy: normal, platform: WINDOWS, platformName: WINDOWS, proxy: Proxy(), setWindowRect: true, strictFileInteractability: false, timeouts: {implicit: 0, pageLoad: 300000, script: 30000}, unhandledPromptBehavior: dismiss and notify, webauthn:virtualAuthenticators: true}
Session ID: e3540c7256462cd8bf40570f05f4ceb6">
      <![CDATA[org.openqa.selenium.ElementClickInterceptedException: element click intercepted: Element <div class="swatch-option text" id="option-label-size-157-item-5595" index="1" aria-checked="false" aria-describedby="option-label-size-157" tabindex="0" option-type="0" option-id="5595" option-label="..." aria-label="S" option-tooltip-thumb="" option-tooltip-value="S" role="option" thumb-width="110" thumb-height="90">S</div> is not clickable at point (970, 621). Other element would receive the click: <div class="image" style="background: rgb(0, 0, 0);"></div>
  (Session info: chrome=83.0.4103.116)
Build info: version: '3.14.0', revision: 'aacccce0', time: '2018-08-02T20:19:58.91Z'
System info: host: 'DESKTOP-50O4S5L', ip: '192.168.19.36', os.name: 'Windows 10', os.arch: 'amd64', os.version: '10.0', java.version: '1.8.0_241'
Driver info: org.openqa.selenium.chrome.ChromeDriver
Capabilities {acceptInsecureCerts: false, browserName: chrome, browserVersion: 83.0.4103.116, chrome: {chromedriverVersion: 83.0.4103.39 (ccbf011cb2d2b..., userDataDir: C:\Users\Admin\AppData\Loca...}, goog:chromeOptions: {debuggerAddress: localhost:50271}, javascriptEnabled: true, networkConnectionEnabled: false, pageLoadStrategy: normal, platform: WINDOWS, platformName: WINDOWS, proxy: Proxy(), setWindowRect: true, strictFileInteractability: false, timeouts: {implicit: 0, pageLoad: 300000, script: 30000}, unhandledPromptBehavior: dismiss and notify, webauthn:virtualAuthenticators: true}
Session ID: e3540c7256462cd8bf40570f05f4ceb6
at org.openqa.selenium.remote.http.W3CHttpResponseCodec.createException(W3CHttpResponseCodec.java:187)
at org.openqa.selenium.remote.http.W3CHttpResponseCodec.decode(W3CHttpResponseCodec.java:122)
at org.openqa.selenium.remote.http.W3CHttpResponseCodec.decode(W3CHttpResponseCodec.java:49)
at org.openqa.selenium.remote.HttpCommandExecutor.execute(HttpCommandExecutor.java:158)
at org.openqa.selenium.remote.service.DriverCommandExecutor.execute(DriverCommandExecutor.java:83)
at org.openqa.selenium.remote.RemoteWebDriver.execute(RemoteWebDriver.java:548)
at org.openqa.selenium.remote.RemoteWebElement.execute(RemoteWebElement.java:276)
at org.openqa.selenium.remote.RemoteWebElement.click(RemoteWebElement.java:83)
at utility.ActionUtility.click(ActionUtility.java:35)
at pages.CategoryPage.selectSSize(CategoryPage.java:129)
at testcases.CheckoutTest.addProductToCart(CheckoutTest.java:33)
at testcases.CheckoutTest.checkout(CheckoutTest.java:43)
... Removed 29 stack frames]]>
    </failure>
  </testcase> <!-- checkout -->
</testsuite> <!-- test1 -->
