<?xml version="1.0" encoding="UTF-8"?>
<testng-results skipped="0" failed="2" ignored="0" total="5" passed="3">
  <reporter-output>
  </reporter-output>
  <suite name="suite" duration-ms="392914" started-at="2020-07-30T10:09:19Z" finished-at="2020-07-30T10:15:52Z">
    <groups>
    </groups>
    <test name="SignUpTest" duration-ms="392914" started-at="2020-07-30T10:09:19Z" finished-at="2020-07-30T10:15:52Z">
      <class name="testcases.SignUpTest">
        <test-method status="PASS" signature="initDriver()[pri:0, instance:testcases.SignUpTest@201b6b6f]" name="initDriver" is-config="true" duration-ms="7626" started-at="2020-07-30T10:09:19Z" finished-at="2020-07-30T10:09:26Z">
          <reporter-output>
          </reporter-output>
        </test-method> <!-- initDriver -->
        <test-method status="PASS" signature="data()[pri:0, instance:testcases.SignUpTest@201b6b6f]" name="data" is-config="true" duration-ms="4" started-at="2020-07-30T10:09:26Z" depends-on-methods="testcases.BaseTest.initDriver" finished-at="2020-07-30T10:09:26Z">
          <reporter-output>
          </reporter-output>
        </test-method> <!-- data -->
        <test-method status="FAIL" signature="checkRequiredForm(java.lang.String, java.lang.String, java.lang.String, java.lang.String, java.lang.String)[pri:0, instance:testcases.SignUpTest@201b6b6f]" name="checkRequiredForm" duration-ms="310033" started-at="2020-07-30T10:09:26Z" data-provider="data_test_Account" finished-at="2020-07-30T10:14:36Z">
          <params>
            <param index="0">
              <value>
                <![CDATA[]]>
              </value>
            </param>
            <param index="1">
              <value>
                <![CDATA[Hoang]]>
              </value>
            </param>
            <param index="2">
              <value>
                <![CDATA[lanhoang@gmail.com]]>
              </value>
            </param>
            <param index="3">
              <value>
                <![CDATA[Huyen01$]]>
              </value>
            </param>
            <param index="4">
              <value>
                <![CDATA[Huyen01$]]>
              </value>
            </param>
          </params>
          <exception class="java.lang.AssertionError">
            <message>
              <![CDATA[expected [This is a required field.] but found []]]>
            </message>
            <full-stacktrace>
              <![CDATA[java.lang.AssertionError: expected [This is a required field.] but found []
at org.testng.Assert.fail(Assert.java:96)
at org.testng.Assert.failNotEquals(Assert.java:776)
at org.testng.Assert.assertEqualsImpl(Assert.java:137)
at org.testng.Assert.assertEquals(Assert.java:118)
at org.testng.Assert.assertEquals(Assert.java:453)
at org.testng.Assert.assertEquals(Assert.java:463)
at testcases.SignUpTest.checkRequiredForm(SignUpTest.java:26)
at sun.reflect.NativeMethodAccessorImpl.invoke0(Native Method)
at sun.reflect.NativeMethodAccessorImpl.invoke(NativeMethodAccessorImpl.java:62)
at sun.reflect.DelegatingMethodAccessorImpl.invoke(DelegatingMethodAccessorImpl.java:43)
at java.lang.reflect.Method.invoke(Method.java:498)
at org.testng.internal.MethodInvocationHelper.invokeMethod(MethodInvocationHelper.java:124)
at org.testng.internal.Invoker.invokeMethod(Invoker.java:583)
at org.testng.internal.Invoker.invokeTestMethod(Invoker.java:719)
at org.testng.internal.Invoker.invokeTestMethods(Invoker.java:989)
at org.testng.internal.TestMethodWorker.invokeTestMethods(TestMethodWorker.java:125)
at org.testng.internal.TestMethodWorker.run(TestMethodWorker.java:109)
at org.testng.TestRunner.privateRun(TestRunner.java:648)
at org.testng.TestRunner.run(TestRunner.java:505)
at org.testng.SuiteRunner.runTest(SuiteRunner.java:455)
at org.testng.SuiteRunner.runSequentially(SuiteRunner.java:450)
at org.testng.SuiteRunner.privateRun(SuiteRunner.java:415)
at org.testng.SuiteRunner.run(SuiteRunner.java:364)
at org.testng.SuiteRunnerWorker.runSuite(SuiteRunnerWorker.java:52)
at org.testng.SuiteRunnerWorker.run(SuiteRunnerWorker.java:84)
at org.testng.TestNG.runSuitesSequentially(TestNG.java:1208)
at org.testng.TestNG.runSuitesLocally(TestNG.java:1137)
at org.testng.TestNG.runSuites(TestNG.java:1049)
at org.testng.TestNG.run(TestNG.java:1017)
at org.apache.maven.surefire.testng.TestNGExecutor.run(TestNGExecutor.java:281)
at org.apache.maven.surefire.testng.TestNGXmlTestSuite.execute(TestNGXmlTestSuite.java:75)
at org.apache.maven.surefire.testng.TestNGProvider.invoke(TestNGProvider.java:121)
at org.apache.maven.surefire.booter.ForkedBooter.invokeProviderInSameClassLoader(ForkedBooter.java:290)
at org.apache.maven.surefire.booter.ForkedBooter.runSuitesInProcess(ForkedBooter.java:242)
at org.apache.maven.surefire.booter.ForkedBooter.main(ForkedBooter.java:121)
]]>
            </full-stacktrace>
          </exception> <!-- java.lang.AssertionError -->
          <reporter-output>
          </reporter-output>
        </test-method> <!-- checkRequiredForm -->
        <test-method status="FAIL" signature="checkRequiredForm(java.lang.String, java.lang.String, java.lang.String, java.lang.String, java.lang.String)[pri:0, instance:testcases.SignUpTest@201b6b6f]" name="checkRequiredForm" duration-ms="24781" started-at="2020-07-30T10:14:37Z" data-provider="data_test_Account" finished-at="2020-07-30T10:15:01Z">
          <params>
            <param index="0">
              <value>
                <![CDATA[Lan]]>
              </value>
            </param>
            <param index="1">
              <value>
                <![CDATA[]]>
              </value>
            </param>
            <param index="2">
              <value>
                <![CDATA[lanhoang@gmail.com]]>
              </value>
            </param>
            <param index="3">
              <value>
                <![CDATA[Huyen01$]]>
              </value>
            </param>
            <param index="4">
              <value>
                <![CDATA[Huyen01$]]>
              </value>
            </param>
          </params>
          <exception class="java.lang.AssertionError">
            <message>
              <![CDATA[expected [This is a required field.] but found []]]>
            </message>
            <full-stacktrace>
              <![CDATA[java.lang.AssertionError: expected [This is a required field.] but found []
at org.testng.Assert.fail(Assert.java:96)
at org.testng.Assert.failNotEquals(Assert.java:776)
at org.testng.Assert.assertEqualsImpl(Assert.java:137)
at org.testng.Assert.assertEquals(Assert.java:118)
at org.testng.Assert.assertEquals(Assert.java:453)
at org.testng.Assert.assertEquals(Assert.java:463)
at testcases.SignUpTest.checkRequiredForm(SignUpTest.java:28)
at sun.reflect.NativeMethodAccessorImpl.invoke0(Native Method)
at sun.reflect.NativeMethodAccessorImpl.invoke(NativeMethodAccessorImpl.java:62)
at sun.reflect.DelegatingMethodAccessorImpl.invoke(DelegatingMethodAccessorImpl.java:43)
at java.lang.reflect.Method.invoke(Method.java:498)
at org.testng.internal.MethodInvocationHelper.invokeMethod(MethodInvocationHelper.java:124)
at org.testng.internal.Invoker.invokeMethod(Invoker.java:583)
at org.testng.internal.Invoker.invokeTestMethod(Invoker.java:719)
at org.testng.internal.Invoker.invokeTestMethods(Invoker.java:989)
at org.testng.internal.TestMethodWorker.invokeTestMethods(TestMethodWorker.java:125)
at org.testng.internal.TestMethodWorker.run(TestMethodWorker.java:109)
at org.testng.TestRunner.privateRun(TestRunner.java:648)
at org.testng.TestRunner.run(TestRunner.java:505)
at org.testng.SuiteRunner.runTest(SuiteRunner.java:455)
at org.testng.SuiteRunner.runSequentially(SuiteRunner.java:450)
at org.testng.SuiteRunner.privateRun(SuiteRunner.java:415)
at org.testng.SuiteRunner.run(SuiteRunner.java:364)
at org.testng.SuiteRunnerWorker.runSuite(SuiteRunnerWorker.java:52)
at org.testng.SuiteRunnerWorker.run(SuiteRunnerWorker.java:84)
at org.testng.TestNG.runSuitesSequentially(TestNG.java:1208)
at org.testng.TestNG.runSuitesLocally(TestNG.java:1137)
at org.testng.TestNG.runSuites(TestNG.java:1049)
at org.testng.TestNG.run(TestNG.java:1017)
at org.apache.maven.surefire.testng.TestNGExecutor.run(TestNGExecutor.java:281)
at org.apache.maven.surefire.testng.TestNGXmlTestSuite.execute(TestNGXmlTestSuite.java:75)
at org.apache.maven.surefire.testng.TestNGProvider.invoke(TestNGProvider.java:121)
at org.apache.maven.surefire.booter.ForkedBooter.invokeProviderInSameClassLoader(ForkedBooter.java:290)
at org.apache.maven.surefire.booter.ForkedBooter.runSuitesInProcess(ForkedBooter.java:242)
at org.apache.maven.surefire.booter.ForkedBooter.main(ForkedBooter.java:121)
]]>
            </full-stacktrace>
          </exception> <!-- java.lang.AssertionError -->
          <reporter-output>
          </reporter-output>
        </test-method> <!-- checkRequiredForm -->
        <test-method status="PASS" signature="checkRequiredForm(java.lang.String, java.lang.String, java.lang.String, java.lang.String, java.lang.String)[pri:0, instance:testcases.SignUpTest@201b6b6f]" name="checkRequiredForm" duration-ms="7709" started-at="2020-07-30T10:15:01Z" data-provider="data_test_Account" finished-at="2020-07-30T10:15:09Z">
          <params>
            <param index="0">
              <value>
                <![CDATA[Lan]]>
              </value>
            </param>
            <param index="1">
              <value>
                <![CDATA[Hoang]]>
              </value>
            </param>
            <param index="2">
              <value>
                <![CDATA[]]>
              </value>
            </param>
            <param index="3">
              <value>
                <![CDATA[Huyen01$]]>
              </value>
            </param>
            <param index="4">
              <value>
                <![CDATA[Huyen01$]]>
              </value>
            </param>
          </params>
          <reporter-output>
          </reporter-output>
        </test-method> <!-- checkRequiredForm -->
        <test-method status="PASS" signature="checkRequiredForm(java.lang.String, java.lang.String, java.lang.String, java.lang.String, java.lang.String)[pri:0, instance:testcases.SignUpTest@201b6b6f]" name="checkRequiredForm" duration-ms="25347" started-at="2020-07-30T10:15:09Z" data-provider="data_test_Account" finished-at="2020-07-30T10:15:34Z">
          <params>
            <param index="0">
              <value>
                <![CDATA[Lan]]>
              </value>
            </param>
            <param index="1">
              <value>
                <![CDATA[Hoang]]>
              </value>
            </param>
            <param index="2">
              <value>
                <![CDATA[lanhoang@gmail.com]]>
              </value>
            </param>
            <param index="3">
              <value>
                <![CDATA[]]>
              </value>
            </param>
            <param index="4">
              <value>
                <![CDATA[Huyen01$]]>
              </value>
            </param>
          </params>
          <reporter-output>
          </reporter-output>
        </test-method> <!-- checkRequiredForm -->
        <test-method status="PASS" signature="checkRequiredForm(java.lang.String, java.lang.String, java.lang.String, java.lang.String, java.lang.String)[pri:0, instance:testcases.SignUpTest@201b6b6f]" name="checkRequiredForm" duration-ms="16644" started-at="2020-07-30T10:15:34Z" data-provider="data_test_Account" finished-at="2020-07-30T10:15:51Z">
          <params>
            <param index="0">
              <value>
                <![CDATA[Lan]]>
              </value>
            </param>
            <param index="1">
              <value>
                <![CDATA[Hoang]]>
              </value>
            </param>
            <param index="2">
              <value>
                <![CDATA[lanhoang@gmail.com]]>
              </value>
            </param>
            <param index="3">
              <value>
                <![CDATA[Huyen01$]]>
              </value>
            </param>
            <param index="4">
              <value>
                <![CDATA[]]>
              </value>
            </param>
          </params>
          <reporter-output>
          </reporter-output>
        </test-method> <!-- checkRequiredForm -->
        <test-method status="PASS" signature="tearDown()[pri:0, instance:testcases.SignUpTest@201b6b6f]" name="tearDown" is-config="true" duration-ms="629" started-at="2020-07-30T10:15:51Z" finished-at="2020-07-30T10:15:52Z">
          <reporter-output>
          </reporter-output>
        </test-method> <!-- tearDown -->
      </class> <!-- testcases.SignUpTest -->
    </test> <!-- SignUpTest -->
  </suite> <!-- suite -->
</testng-results>
